# JRE version: OpenJDK Runtime Environment Corretto-18.0.2.9.1 (18.0.2+9) (build 18.0.2+9-FR)
# Java VM: OpenJDK 64-Bit Server VM Corretto-18.0.2.9.1 (18.0.2+9-FR, mixed mode, emulated-client, sharing, tiered, compressed oops, compressed class ptrs, g1 gc, windows-amd64)
GC Precious Log:
 CardTable entry size: 512
 Card Set container configuration: InlinePtr #cards 5 size 8 Array Of Cards #cards 12 size 40 Howl #buckets 4 coarsen threshold 1843 Howl Bitmap #cards 512 size 80 coarsen threshold 460 Card regions per heap region 1 cards per card region 2048
 CPUs: 8 total, 8 available
 Memory: 8070M
 Large Page Support: Disabled
 NUMA Support: Disabled
 Compressed Oops: Enabled (32-bit)
 Heap Region Size: 1M
 Heap Min Capacity: 8M
 Heap Initial Capacity: 128M
 Heap Max Capacity: 2018M
 Pre-touch: Disabled
 Parallel Workers: 8
 Concurrent Workers: 2
 Concurrent Refinement Workers: 8
 Periodic GC: Disabled
Heap:
 garbage-first heap   total 131072K, used 58114K [0x0000000081e00000, 0x0000000100000000)
  region size 1024K, 4 young (4096K), 4 survivors (4096K)
 Metaspace       used 63076K, committed 63744K, reserved 1114112K
  class space    used 9123K, committed 9408K, reserved 1048576K
GC Heap History (20 events):
Event: 11.741 GC heap after
{Heap after GC invocations=7 (full 0):
 garbage-first heap   total 65536K, used 21526K [0x0000000081e00000, 0x0000000100000000)
  region size 1024K, 2 young (2048K), 2 survivors (2048K)
 Metaspace       used 30085K, committed 30528K, reserved 1114112K
  class space    used 4099K, committed 4288K, reserved 1048576K
}
Event: 12.217 GC heap before
{Heap before GC invocations=7 (full 0):
 garbage-first heap   total 65536K, used 38934K [0x0000000081e00000, 0x0000000100000000)
  region size 1024K, 21 young (21504K), 2 survivors (2048K)
 Metaspace       used 35444K, committed 35968K, reserved 1114112K
  class space    used 4848K, committed 5120K, reserved 1048576K
}
Event: 12.227 GC heap after
{Heap after GC invocations=8 (full 0):
 garbage-first heap   total 65536K, used 22480K [0x0000000081e00000, 0x0000000100000000)
  region size 1024K, 3 young (3072K), 3 survivors (3072K)
 Metaspace       used 35444K, committed 35968K, reserved 1114112K
  class space    used 4848K, committed 5120K, reserved 1048576K
}
Event: 12.795 GC heap before
{Heap before GC invocations=9 (full 0):
 garbage-first heap   total 65536K, used 47056K [0x0000000081e00000, 0x0000000100000000)
  region size 1024K, 28 young (28672K), 3 survivors (3072K)
 Metaspace       used 41822K, committed 42368K, reserved 1114112K
  class space    used 5719K, committed 5952K, reserved 1048576K
}
Event: 12.803 GC heap after
{Heap after GC invocations=10 (full 0):
 garbage-first heap   total 78848K, used 25207K [0x0000000081e00000, 0x0000000100000000)
  region size 1024K, 4 young (4096K), 4 survivors (4096K)
 Metaspace       used 41822K, committed 42368K, reserved 1114112K
  class space    used 5719K, committed 5952K, reserved 1048576K
}
Event: 13.609 GC heap before
{Heap before GC invocations=10 (full 0):
 garbage-first heap   total 78848K, used 57975K [0x0000000081e00000, 0x0000000100000000)
  region size 1024K, 37 young (37888K), 4 survivors (4096K)
 Metaspace       used 50276K, committed 50816K, reserved 1114112K
  class space    used 7130K, committed 7360K, reserved 1048576K
}
Event: 13.619 GC heap after
{Heap after GC invocations=11 (full 0):
 garbage-first heap   total 78848K, used 26728K [0x0000000081e00000, 0x0000000100000000)
  region size 1024K, 4 young (4096K), 4 survivors (4096K)
 Metaspace       used 50276K, committed 50816K, reserved 1114112K
  class space    used 7130K, committed 7360K, reserved 1048576K
}
Event: 14.276 GC heap before
{Heap before GC invocations=11 (full 0):
 garbage-first heap   total 78848K, used 60520K [0x0000000081e00000, 0x0000000100000000)
  region size 1024K, 37 young (37888K), 4 survivors (4096K)
 Metaspace       used 54813K, committed 55424K, reserved 1114112K
  class space    used 7735K, committed 8064K, reserved 1048576K
}
Event: 14.284 GC heap after
{Heap after GC invocations=12 (full 0):
 garbage-first heap   total 78848K, used 28894K [0x0000000081e00000, 0x0000000100000000)
  region size 1024K, 4 young (4096K), 4 survivors (4096K)
 Metaspace       used 54813K, committed 55424K, reserved 1114112K
  class space    used 7735K, committed 8064K, reserved 1048576K
}
Event: 14.586 GC heap before
{Heap before GC invocations=12 (full 0):
 garbage-first heap   total 78848K, used 60638K [0x0000000081e00000, 0x0000000100000000)
  region size 1024K, 35 young (35840K), 4 survivors (4096K)
 Metaspace       used 57846K, committed 58432K, reserved 1114112K
  class space    used 8359K, committed 8640K, reserved 1048576K
}
Event: 14.596 GC heap after
{Heap after GC invocations=13 (full 0):
 garbage-first heap   total 78848K, used 31578K [0x0000000081e00000, 0x0000000100000000)
  region size 1024K, 5 young (5120K), 5 survivors (5120K)
 Metaspace       used 57846K, committed 58432K, reserved 1114112K
  class space    used 8359K, committed 8640K, reserved 1048576K
}
Event: 14.823 GC heap before
{Heap before GC invocations=13 (full 0):
 garbage-first heap   total 78848K, used 53082K [0x0000000081e00000, 0x0000000100000000)
  region size 1024K, 27 young (27648K), 5 survivors (5120K)
 Metaspace       used 59868K, committed 60416K, reserved 1114112K
  class space    used 8643K, committed 8896K, reserved 1048576K
}
Event: 14.827 GC heap after
{Heap after GC invocations=14 (full 0):
 garbage-first heap   total 95232K, used 32549K [0x0000000081e00000, 0x0000000100000000)
  region size 1024K, 4 young (4096K), 4 survivors (4096K)
 Metaspace       used 59868K, committed 60416K, reserved 1114112K
  class space    used 8643K, committed 8896K, reserved 1048576K
}
Event: 15.400 GC heap before
{Heap before GC invocations=15 (full 0):
 garbage-first heap   total 95232K, used 75557K [0x0000000081e00000, 0x0000000100000000)
  region size 1024K, 45 young (46080K), 4 survivors (4096K)
 Metaspace       used 62976K, committed 63680K, reserved 1114112K
  class space    used 9109K, committed 9408K, reserved 1048576K
}
Event: 15.409 GC heap after
{Heap after GC invocations=16 (full 0):
 garbage-first heap   total 95232K, used 38419K [0x0000000081e00000, 0x0000000100000000)
  region size 1024K, 6 young (6144K), 6 survivors (6144K)
 Metaspace       used 62976K, committed 63680K, reserved 1114112K
  class space    used 9109K, committed 9408K, reserved 1048576K
}
Event: 15.523 GC heap before
{Heap before GC invocations=16 (full 0):
 garbage-first heap   total 95232K, used 72211K [0x0000000081e00000, 0x0000000100000000)
  region size 1024K, 40 young (40960K), 6 survivors (6144K)
 Metaspace       used 62989K, committed 63680K, reserved 1114112K
  class space    used 9111K, committed 9408K, reserved 1048576K
}
Event: 15.531 GC heap after
{Heap after GC invocations=17 (full 0):
 garbage-first heap   total 95232K, used 43959K [0x0000000081e00000, 0x0000000100000000)
  region size 1024K, 5 young (5120K), 5 survivors (5120K)
 Metaspace       used 62989K, committed 63680K, reserved 1114112K
  class space    used 9111K, committed 9408K, reserved 1048576K
}
Event: 15.635 GC heap before
{Heap before GC invocations=17 (full 0):
 garbage-first heap   total 95232K, used 72631K [0x0000000081e00000, 0x0000000100000000)
  region size 1024K, 33 young (33792K), 5 survivors (5120K)
 Metaspace       used 63076K, committed 63744K, reserved 1114112K
  class space    used 9123K, committed 9408K, reserved 1048576K
}
Event: 15.644 GC heap after
{Heap after GC invocations=18 (full 0):
 garbage-first heap   total 95232K, used 53097K [0x0000000081e00000, 0x0000000100000000)
  region size 1024K, 5 young (5120K), 5 survivors (5120K)
 Metaspace       used 63076K, committed 63744K, reserved 1114112K
  class space    used 9123K, committed 9408K, reserved 1048576K
}
Event: 15.682 GC heap before
{Heap before GC invocations=18 (full 0):
 garbage-first heap   total 95232K, used 72553K [0x0000000081e00000, 0x0000000100000000)
  region size 1024K, 25 young (25600K), 5 survivors (5120K)
 Metaspace       used 63076K, committed 63744K, reserved 1114112K
  class space    used 9123K, committed 9408K, reserved 1048576K
}

