# JRE version: OpenJDK Runtime Environment Corretto-18.0.2.9.1 (18.0.2+9) (build 18.0.2+9-FR)
# Java VM: OpenJDK 64-Bit Server VM Corretto-18.0.2.9.1 (18.0.2+9-FR, mixed mode, emulated-client, sharing, tiered, compressed oops, compressed class ptrs, g1 gc, windows-amd64)
GC Precious Log:
 CardTable entry size: 512
 Card Set container configuration: InlinePtr #cards 5 size 8 Array Of Cards #cards 12 size 40 Howl #buckets 4 coarsen threshold 1843 Howl Bitmap #cards 512 size 80 coarsen threshold 460 Card regions per heap region 1 cards per card region 2048
 CPUs: 8 total, 8 available
 Memory: 8070M
 Large Page Support: Disabled
 NUMA Support: Disabled
 Compressed Oops: Enabled (32-bit)
 Heap Region Size: 1M
 Heap Min Capacity: 8M
 Heap Initial Capacity: 128M
 Heap Max Capacity: 2018M
 Pre-touch: Disabled
 Parallel Workers: 8
 Concurrent Workers: 2
 Concurrent Refinement Workers: 8
 Periodic GC: Disabled
Heap:
 garbage-first heap   total 89088K, used 58763K [0x0000000081e00000, 0x0000000100000000)
  region size 1024K, 3 young (3072K), 3 survivors (3072K)
 Metaspace       used 63544K, committed 64320K, reserved 1114112K
  class space    used 9193K, committed 9536K, reserved 1048576K
GC Heap History (20 events):
Event: 6.911 GC heap after
{Heap after GC invocations=12 (full 0):
 garbage-first heap   total 73728K, used 26194K [0x0000000081e00000, 0x0000000100000000)
  region size 1024K, 1 young (1024K), 1 survivors (1024K)
 Metaspace       used 47606K, committed 48128K, reserved 1114112K
  class space    used 6716K, committed 6976K, reserved 1048576K
}
Event: 7.718 GC heap before
{Heap before GC invocations=12 (full 0):
 garbage-first heap   total 73728K, used 54866K [0x0000000081e00000, 0x0000000100000000)
  region size 1024K, 30 young (30720K), 1 survivors (1024K)
 Metaspace       used 53309K, committed 53888K, reserved 1114112K
  class space    used 7478K, committed 7744K, reserved 1048576K
}
Event: 7.725 GC heap after
{Heap after GC invocations=13 (full 0):
 garbage-first heap   total 73728K, used 27622K [0x0000000081e00000, 0x0000000100000000)
  region size 1024K, 3 young (3072K), 3 survivors (3072K)
 Metaspace       used 53309K, committed 53888K, reserved 1114112K
  class space    used 7478K, committed 7744K, reserved 1048576K
}
Event: 8.192 GC heap before
{Heap before GC invocations=13 (full 0):
 garbage-first heap   total 73728K, used 56294K [0x0000000081e00000, 0x0000000100000000)
  region size 1024K, 31 young (31744K), 3 survivors (3072K)
 Metaspace       used 56764K, committed 57472K, reserved 1114112K
  class space    used 8099K, committed 8448K, reserved 1048576K
}
Event: 8.206 GC heap after
{Heap after GC invocations=14 (full 0):
 garbage-first heap   total 73728K, used 29622K [0x0000000081e00000, 0x0000000100000000)
  region size 1024K, 4 young (4096K), 4 survivors (4096K)
 Metaspace       used 56764K, committed 57472K, reserved 1114112K
  class space    used 8099K, committed 8448K, reserved 1048576K
}
Event: 8.405 GC heap before
{Heap before GC invocations=14 (full 0):
 garbage-first heap   total 73728K, used 56246K [0x0000000081e00000, 0x0000000100000000)
  region size 1024K, 30 young (30720K), 4 survivors (4096K)
 Metaspace       used 58312K, committed 59008K, reserved 1114112K
  class space    used 8427K, committed 8768K, reserved 1048576K
}
Event: 8.415 GC heap after
{Heap after GC invocations=15 (full 0):
 garbage-first heap   total 73728K, used 31569K [0x0000000081e00000, 0x0000000100000000)
  region size 1024K, 4 young (4096K), 4 survivors (4096K)
 Metaspace       used 58312K, committed 59008K, reserved 1114112K
  class space    used 8427K, committed 8768K, reserved 1048576K
}
Event: 8.599 GC heap before
{Heap before GC invocations=15 (full 0):
 garbage-first heap   total 73728K, used 48977K [0x0000000081e00000, 0x0000000100000000)
  region size 1024K, 22 young (22528K), 4 survivors (4096K)
 Metaspace       used 60012K, committed 60608K, reserved 1114112K
  class space    used 8660K, committed 8960K, reserved 1048576K
}
Event: 8.603 GC heap after
{Heap after GC invocations=16 (full 0):
 garbage-first heap   total 73728K, used 32184K [0x0000000081e00000, 0x0000000100000000)
  region size 1024K, 3 young (3072K), 3 survivors (3072K)
 Metaspace       used 60012K, committed 60608K, reserved 1114112K
  class space    used 8660K, committed 8960K, reserved 1048576K
}
Event: 9.089 GC heap before
{Heap before GC invocations=17 (full 0):
 garbage-first heap   total 73728K, used 58808K [0x0000000081e00000, 0x0000000100000000)
  region size 1024K, 29 young (29696K), 3 survivors (3072K)
 Metaspace       used 62524K, committed 63232K, reserved 1114112K
  class space    used 9069K, committed 9408K, reserved 1048576K
}
Event: 9.093 GC heap after
{Heap after GC invocations=18 (full 0):
 garbage-first heap   total 73728K, used 34111K [0x0000000081e00000, 0x0000000100000000)
  region size 1024K, 3 young (3072K), 3 survivors (3072K)
 Metaspace       used 62524K, committed 63232K, reserved 1114112K
  class space    used 9069K, committed 9408K, reserved 1048576K
}
Event: 9.230 GC heap before
{Heap before GC invocations=18 (full 0):
 garbage-first heap   total 73728K, used 41279K [0x0000000081e00000, 0x0000000100000000)
  region size 1024K, 11 young (11264K), 3 survivors (3072K)
 Metaspace       used 63415K, committed 64128K, reserved 1114112K
  class space    used 9175K, committed 9472K, reserved 1048576K
}
Event: 9.237 GC heap after
{Heap after GC invocations=19 (full 0):
 garbage-first heap   total 89088K, used 35007K [0x0000000081e00000, 0x0000000100000000)
  region size 1024K, 3 young (3072K), 3 survivors (3072K)
 Metaspace       used 63415K, committed 64128K, reserved 1114112K
  class space    used 9175K, committed 9472K, reserved 1048576K
}
Event: 9.346 GC heap before
{Heap before GC invocations=19 (full 0):
 garbage-first heap   total 89088K, used 69823K [0x0000000081e00000, 0x0000000100000000)
  region size 1024K, 37 young (37888K), 3 survivors (3072K)
 Metaspace       used 63443K, committed 64128K, reserved 1114112K
  class space    used 9179K, committed 9472K, reserved 1048576K
}
Event: 9.354 GC heap after
{Heap after GC invocations=20 (full 0):
 garbage-first heap   total 89088K, used 42858K [0x0000000081e00000, 0x0000000100000000)
  region size 1024K, 5 young (5120K), 5 survivors (5120K)
 Metaspace       used 63443K, committed 64128K, reserved 1114112K
  class space    used 9179K, committed 9472K, reserved 1048576K
}
Event: 9.472 GC heap before
{Heap before GC invocations=20 (full 0):
 garbage-first heap   total 89088K, used 68458K [0x0000000081e00000, 0x0000000100000000)
  region size 1024K, 30 young (30720K), 5 survivors (5120K)
 Metaspace       used 63544K, committed 64320K, reserved 1114112K
  class space    used 9193K, committed 9536K, reserved 1048576K
}
Event: 9.481 GC heap after
{Heap after GC invocations=21 (full 0):
 garbage-first heap   total 89088K, used 51180K [0x0000000081e00000, 0x0000000100000000)
  region size 1024K, 4 young (4096K), 4 survivors (4096K)
 Metaspace       used 63544K, committed 64320K, reserved 1114112K
  class space    used 9193K, committed 9536K, reserved 1048576K
}
Event: 9.516 GC heap before
{Heap before GC invocations=21 (full 0):
 garbage-first heap   total 89088K, used 67564K [0x0000000081e00000, 0x0000000100000000)
  region size 1024K, 20 young (20480K), 4 survivors (4096K)
 Metaspace       used 63544K, committed 64320K, reserved 1114112K
  class space    used 9193K, committed 9536K, reserved 1048576K
}
Event: 9.522 GC heap after
{Heap after GC invocations=22 (full 0):
 garbage-first heap   total 89088K, used 54386K [0x0000000081e00000, 0x0000000100000000)
  region size 1024K, 3 young (3072K), 3 survivors (3072K)
 Metaspace       used 63544K, committed 64320K, reserved 1114112K
  class space    used 9193K, committed 9536K, reserved 1048576K
}
Event: 9.572 GC heap before
{Heap before GC invocations=22 (full 0):
 garbage-first heap   total 89088K, used 67698K [0x0000000081e00000, 0x0000000100000000)
  region size 1024K, 17 young (17408K), 3 survivors (3072K)
 Metaspace       used 63544K, committed 64320K, reserved 1114112K
  class space    used 9193K, committed 9536K, reserved 1048576K
}

